<?xml version="1.0" encoding="UTF-8"?>
<!-- Generated by org.testng.reporters.JUnitXMLReporter -->
<testsuite ignored="1" hostname="DESKTOP-TL8OMC4" failures="0" tests="1" name="Default test" time="1.755" errors="0" timestamp="2026-02-04T00:06:25 IST">
  <testcase classname="govindu.reddeiah.practiceSelenium.E2ETest" name="GoogleTest" time="1.711"/>
  <testcase classname="govindu.reddeiah.practiceSelenium.E2ETest" name="BasicE2ETest" time="0.0">
    <ignored/>
  </testcase> <!-- BasicE2ETest -->
</testsuite> <!-- Default test -->
