<?xml version="1.0" encoding="UTF-8"?>
<!-- Generated by org.testng.reporters.JUnitXMLReporter -->
<testsuite ignored="2" hostname="Govindu" failures="0" tests="1" name="Default test" time="1.647" errors="0" timestamp="2026-02-09T00:14:15 IST">
  <testcase classname="govindu.reddeiah.practiceSelenium.E2ETest" name="justTest" time="0.031"/>
  <testcase classname="govindu.reddeiah.practiceSelenium.E2ETest" name="BasicE2ETest" time="0.0">
    <ignored/>
  </testcase> <!-- BasicE2ETest -->
  <testcase classname="govindu.reddeiah.practiceSelenium.E2ETest" name="GoogleTest" time="0.0">
    <ignored/>
  </testcase> <!-- GoogleTest -->
</testsuite> <!-- Default test -->
