<?xml version="1.0" encoding="UTF-8"?>
<!-- Generated by org.testng.reporters.JUnitXMLReporter -->
<testsuite ignored="1" hostname="Govindu" failures="1" tests="1" name="BasicTest" time="0.243" errors="0" timestamp="2026-02-09T00:07:26 IST">
  <testcase classname="govindu.reddeiah.practiceSelenium.E2ETest" name="BasicE2ETest" time="0.074">
    <failure type="java.lang.NullPointerException" message="Cannot invoke &amp;quot;org.openqa.selenium.WebDriver.get(String)&amp;quot; because &amp;quot;this.driver&amp;quot; is null">
      <![CDATA[java.lang.NullPointerException: Cannot invoke "org.openqa.selenium.WebDriver.get(String)" because "this.driver" is null
at govindu.reddeiah.practiceSelenium.BaseClass.launch(BaseClass.java:18)
at govindu.reddeiah.practiceSelenium.E2ETest.BasicE2ETest(E2ETest.java:14)
at java.base/java.util.ArrayList.forEach(ArrayList.java:1596)
... Removed 25 stack frames]]>
    </failure>
  </testcase> <!-- BasicE2ETest -->
  <testcase classname="govindu.reddeiah.practiceSelenium.E2ETest" name="GoogleTest" time="0.0">
    <ignored/>
  </testcase> <!-- GoogleTest -->
</testsuite> <!-- BasicTest -->
