<?xml version="1.0" encoding="UTF-8"?>
<!-- Generated by org.testng.reporters.JUnitXMLReporter -->
<testsuite ignored="0" hostname="Govindu" failures="0" tests="3" name="Sanity" time="19.804" errors="0" timestamp="2026-02-09T01:25:39 IST">
  <testcase classname="govindu.reddeiah.practiceSelenium.E2ETest" name="BasicE2ETest" time="12.936"/>
  <testcase classname="govindu.reddeiah.practiceSelenium.E2ETest" name="GoogleTest" time="0.422"/>
  <testcase classname="govindu.reddeiah.practiceSelenium.E2ETest" name="justTest" time="0.004"/>
</testsuite> <!-- Sanity -->
