<?xml version="1.0" encoding="UTF-8"?>
<!-- Generated by org.testng.reporters.JUnitXMLReporter -->
<testsuite ignored="1" hostname="Govindu" failures="1" tests="2" name="Sanity" time="0.174" errors="0" timestamp="2026-02-09T01:16:11 IST">
  <testcase classname="govindu.reddeiah.practiceSelenium.E2ETest" name="GoogleTest" time="0.059">
    <failure type="java.lang.NullPointerException" message="Cannot invoke &amp;quot;org.openqa.selenium.WebDriver.get(String)&amp;quot; because &amp;quot;this.driver&amp;quot; is null">
      <![CDATA[java.lang.NullPointerException: Cannot invoke "org.openqa.selenium.WebDriver.get(String)" because "this.driver" is null
at govindu.reddeiah.practiceSelenium.E2ETest.GoogleTest(E2ETest.java:22)
at java.base/java.util.ArrayList.forEach(ArrayList.java:1596)
... Removed 29 stack frames]]>
    </failure>
  </testcase> <!-- GoogleTest -->
  <testcase classname="govindu.reddeiah.practiceSelenium.E2ETest" name="justTest" time="0.002"/>
  <testcase classname="govindu.reddeiah.practiceSelenium.E2ETest" name="BasicE2ETest" time="0.0">
    <ignored/>
  </testcase> <!-- BasicE2ETest -->
</testsuite> <!-- Sanity -->
