-------------------------------------------------------------------------------
Test set: TestSuite
-------------------------------------------------------------------------------
Tests run: 2, Failures: 1, Errors: 0, Skipped: 0, Time elapsed: 0.914 s <<< FAILURE! - in TestSuite
govindu.reddeiah.practiceSelenium.E2ETest.GoogleTest  Time elapsed: 0.124 s  <<< FAILURE!
java.lang.NullPointerException: Cannot invoke "org.openqa.selenium.WebDriver.get(String)" because "this.driver" is null
	at govindu.reddeiah.practiceSelenium.E2ETest.GoogleTest(E2ETest.java:22)

