<?xml version="1.0" encoding="UTF-8"?>
<testng-results ignored="0" total="2" passed="2" failed="0" skipped="0">
  <reporter-output>
  </reporter-output>
  <suite started-at="2026-02-08T00:05:46 IST" name="Surefire suite" finished-at="2026-02-08T00:06:09 IST" duration-ms="22827">
    <groups>
    </groups>
    <test started-at="2026-02-08T00:05:46 IST" name="Surefire test" finished-at="2026-02-08T00:06:09 IST" duration-ms="22827">
      <class name="govindu.reddeiah.practiceSelenium.E2ETest">
        <test-method is-config="true" signature="setup()[pri:0, instance:govindu.reddeiah.practiceSelenium.E2ETest@506ae4d4]" started-at="2026-02-08T00:05:46 IST" name="setup" finished-at="2026-02-08T00:05:47 IST" duration-ms="1132" status="PASS">
          <reporter-output>
          </reporter-output>
        </test-method> <!-- setup -->
        <test-method signature="BasicE2ETest()[pri:0, instance:govindu.reddeiah.practiceSelenium.E2ETest@506ae4d4]" started-at="2026-02-08T00:05:47 IST" name="BasicE2ETest" finished-at="2026-02-08T00:06:07 IST" duration-ms="20176" status="PASS">
          <reporter-output>
          </reporter-output>
        </test-method> <!-- BasicE2ETest -->
        <test-method is-config="true" signature="tierDown()[pri:0, instance:govindu.reddeiah.practiceSelenium.E2ETest@506ae4d4]" started-at="2026-02-08T00:06:07 IST" name="tierDown" finished-at="2026-02-08T00:06:07 IST" duration-ms="184" status="PASS">
          <reporter-output>
          </reporter-output>
        </test-method> <!-- tierDown -->
        <test-method is-config="true" signature="setup()[pri:0, instance:govindu.reddeiah.practiceSelenium.E2ETest@506ae4d4]" started-at="2026-02-08T00:06:07 IST" name="setup" finished-at="2026-02-08T00:06:08 IST" duration-ms="769" status="PASS">
          <reporter-output>
          </reporter-output>
        </test-method> <!-- setup -->
        <test-method signature="GoogleTest()[pri:0, instance:govindu.reddeiah.practiceSelenium.E2ETest@506ae4d4]" started-at="2026-02-08T00:06:08 IST" name="GoogleTest" finished-at="2026-02-08T00:06:08 IST" duration-ms="301" status="PASS">
          <reporter-output>
          </reporter-output>
        </test-method> <!-- GoogleTest -->
        <test-method is-config="true" signature="tierDown()[pri:0, instance:govindu.reddeiah.practiceSelenium.E2ETest@506ae4d4]" started-at="2026-02-08T00:06:08 IST" name="tierDown" finished-at="2026-02-08T00:06:09 IST" duration-ms="164" status="PASS">
          <reporter-output>
          </reporter-output>
        </test-method> <!-- tierDown -->
      </class> <!-- govindu.reddeiah.practiceSelenium.E2ETest -->
    </test> <!-- Surefire test -->
  </suite> <!-- Surefire suite -->
</testng-results>
