<?xml version="1.0" encoding="UTF-8"?>
<testng-results ignored="0" total="3" passed="3" failed="0" skipped="0">
  <reporter-output>
  </reporter-output>
  <suite started-at="2026-02-09T01:25:19 IST" name="Suite" finished-at="2026-02-09T01:25:39 IST" duration-ms="19804">
    <groups>
      <group name="Sanity">
        <method signature="E2ETest.GoogleTest()[pri:0, instance:govindu.reddeiah.practiceSelenium.E2ETest@169bb4dd]" name="GoogleTest" class="govindu.reddeiah.practiceSelenium.E2ETest"/>
        <method signature="E2ETest.justTest()[pri:0, instance:govindu.reddeiah.practiceSelenium.E2ETest@169bb4dd]" name="justTest" class="govindu.reddeiah.practiceSelenium.E2ETest"/>
      </group> <!-- Sanity -->
      <group name="Regression">
        <method signature="E2ETest.BasicE2ETest()[pri:0, instance:govindu.reddeiah.practiceSelenium.E2ETest@169bb4dd]" name="BasicE2ETest" class="govindu.reddeiah.practiceSelenium.E2ETest"/>
      </group> <!-- Regression -->
    </groups>
    <test started-at="2026-02-09T01:25:19 IST" name="Sanity" finished-at="2026-02-09T01:25:39 IST" duration-ms="19804">
      <class name="govindu.reddeiah.practiceSelenium.E2ETest">
        <test-method is-config="true" signature="setup()[pri:0, instance:govindu.reddeiah.practiceSelenium.E2ETest@169bb4dd]" started-at="2026-02-09T01:25:19 IST" name="setup" finished-at="2026-02-09T01:25:23 IST" duration-ms="3428" status="PASS">
          <reporter-output>
          </reporter-output>
        </test-method> <!-- setup -->
        <test-method signature="BasicE2ETest()[pri:0, instance:govindu.reddeiah.practiceSelenium.E2ETest@169bb4dd]" started-at="2026-02-09T01:25:23 IST" name="BasicE2ETest" finished-at="2026-02-09T01:25:36 IST" duration-ms="12936" status="PASS">
          <reporter-output>
          </reporter-output>
        </test-method> <!-- BasicE2ETest -->
        <test-method is-config="true" signature="tierDown()[pri:0, instance:govindu.reddeiah.practiceSelenium.E2ETest@169bb4dd]" started-at="2026-02-09T01:25:36 IST" name="tierDown" finished-at="2026-02-09T01:25:36 IST" duration-ms="291" status="PASS">
          <reporter-output>
          </reporter-output>
        </test-method> <!-- tierDown -->
        <test-method is-config="true" signature="setup()[pri:0, instance:govindu.reddeiah.practiceSelenium.E2ETest@169bb4dd]" started-at="2026-02-09T01:25:36 IST" name="setup" finished-at="2026-02-09T01:25:37 IST" duration-ms="976" status="PASS">
          <reporter-output>
          </reporter-output>
        </test-method> <!-- setup -->
        <test-method signature="GoogleTest()[pri:0, instance:govindu.reddeiah.practiceSelenium.E2ETest@169bb4dd]" started-at="2026-02-09T01:25:37 IST" name="GoogleTest" finished-at="2026-02-09T01:25:38 IST" duration-ms="422" status="PASS">
          <reporter-output>
          </reporter-output>
        </test-method> <!-- GoogleTest -->
        <test-method is-config="true" signature="tierDown()[pri:0, instance:govindu.reddeiah.practiceSelenium.E2ETest@169bb4dd]" started-at="2026-02-09T01:25:38 IST" name="tierDown" finished-at="2026-02-09T01:25:38 IST" duration-ms="211" status="PASS">
          <reporter-output>
          </reporter-output>
        </test-method> <!-- tierDown -->
        <test-method is-config="true" signature="setup()[pri:0, instance:govindu.reddeiah.practiceSelenium.E2ETest@169bb4dd]" started-at="2026-02-09T01:25:38 IST" name="setup" finished-at="2026-02-09T01:25:39 IST" duration-ms="1028" status="PASS">
          <reporter-output>
          </reporter-output>
        </test-method> <!-- setup -->
        <test-method signature="justTest()[pri:0, instance:govindu.reddeiah.practiceSelenium.E2ETest@169bb4dd]" started-at="2026-02-09T01:25:39 IST" name="justTest" finished-at="2026-02-09T01:25:39 IST" duration-ms="4" status="PASS">
          <reporter-output>
          </reporter-output>
        </test-method> <!-- justTest -->
        <test-method is-config="true" signature="tierDown()[pri:0, instance:govindu.reddeiah.practiceSelenium.E2ETest@169bb4dd]" started-at="2026-02-09T01:25:39 IST" name="tierDown" finished-at="2026-02-09T01:25:39 IST" duration-ms="244" status="PASS">
          <reporter-output>
          </reporter-output>
        </test-method> <!-- tierDown -->
      </class> <!-- govindu.reddeiah.practiceSelenium.E2ETest -->
    </test> <!-- Sanity -->
  </suite> <!-- Suite -->
</testng-results>
