<?xml version="1.0" encoding="UTF-8"?>
<!-- Generated by org.testng.reporters.JUnitReportReporter -->
<testsuite hostname="Govindu" failures="0" tests="3" name="govindu.reddeiah.practiceSelenium.E2ETest" time="19.540" errors="0" timestamp="2026-02-09T01:25:39 IST" skipped="0">
  <testcase classname="govindu.reddeiah.practiceSelenium.E2ETest" name="BasicE2ETest" time="14.203"/>
  <testcase classname="govindu.reddeiah.practiceSelenium.E2ETest" name="GoogleTest" time="4.061"/>
  <testcase classname="govindu.reddeiah.practiceSelenium.E2ETest" name="justTest" time="1.276"/>
</testsuite> <!-- govindu.reddeiah.practiceSelenium.E2ETest -->
