<?xml version="1.0" encoding="UTF-8"?>
<!-- Generated by org.testng.reporters.JUnitReportReporter -->
<testsuite hostname="Govindu" failures="0" tests="2" name="govindu.reddeiah.practiceSelenium.E2ETest" time="17.560" errors="0" timestamp="2026-02-12T01:36:20 IST" skipped="0">
  <testcase classname="govindu.reddeiah.practiceSelenium.E2ETest" name="GoogleTest" time="1.934"/>
  <testcase classname="govindu.reddeiah.practiceSelenium.E2ETest" name="BasicE2ETest" time="15.626"/>
</testsuite> <!-- govindu.reddeiah.practiceSelenium.E2ETest -->
