<?xml version="1.0" encoding="UTF-8"?>
<!-- Generated by org.testng.reporters.JUnitReportReporter -->
<testsuite hostname="Govindu" failures="0" tests="2" name="govindu.reddeiah.practiceSelenium.E2ETest" time="14.208" errors="0" timestamp="2026-02-05T01:33:07 IST" skipped="0">
  <testcase classname="govindu.reddeiah.practiceSelenium.E2ETest" name="BasicE2ETest" time="11.947"/>
  <testcase classname="govindu.reddeiah.practiceSelenium.E2ETest" name="GoogleTest" time="2.261"/>
</testsuite> <!-- govindu.reddeiah.practiceSelenium.E2ETest -->
