<?xml version="1.0" encoding="UTF-8"?>
<!-- Generated by org.testng.reporters.JUnitReportReporter -->
<testsuite hostname="Govindu" failures="0" tests="2" name="govindu.reddeiah.practiceSelenium.E2ETest" time="22.726" errors="0" timestamp="2026-02-08T00:06:09 IST" skipped="0">
  <testcase classname="govindu.reddeiah.practiceSelenium.E2ETest" name="BasicE2ETest" time="21.129"/>
  <testcase classname="govindu.reddeiah.practiceSelenium.E2ETest" name="GoogleTest" time="1.597"/>
</testsuite> <!-- govindu.reddeiah.practiceSelenium.E2ETest -->
